<?xml version="1.0" encoding="UTF-8"?>
<robot generator="Robot 6.1.1 (Python 3.10.12 on linux)" generated="20241114 08:12:29.121" rpa="false" schemaversion="4">
<suite id="s1" name="Tests" source="/home/rasmusvi/palautusrepositorio_ohtu/viikko3/web-login/src/tests">
<suite id="s1-s1" name="Home" source="/home/rasmusvi/palautusrepositorio_ohtu/viikko3/web-login/src/tests/home.robot">
<kw name="Open And Configure Browser" library="resource" type="SETUP">
<if>
<branch type="IF" condition="$BROWSER == 'chrome'">
<kw name="Evaluate" library="BuiltIn">
<var>${options}</var>
<arg>sys.modules['selenium.webdriver'].ChromeOptions()</arg>
<arg>sys</arg>
<doc>Evaluates the given expression in Python and returns the result.</doc>
<msg timestamp="20241114 08:12:29.258" level="INFO">${options} = &lt;selenium.webdriver.chrome.options.Options object at 0x75750cea9300&gt;</msg>
<status status="PASS" starttime="20241114 08:12:29.258" endtime="20241114 08:12:29.258"/>
</kw>
<status status="PASS" starttime="20241114 08:12:29.249" endtime="20241114 08:12:29.258"/>
</branch>
<branch type="ELSE IF" condition="$BROWSER == 'firefox'">
<kw name="Evaluate" library="BuiltIn">
<var>${options}</var>
<arg>sys.modules['selenium.webdriver'].FirefoxOptions()</arg>
<arg>sys</arg>
<doc>Evaluates the given expression in Python and returns the result.</doc>
<status status="NOT RUN" starttime="20241114 08:12:29.258" endtime="20241114 08:12:29.258"/>
</kw>
<status status="NOT RUN" starttime="20241114 08:12:29.258" endtime="20241114 08:12:29.258"/>
</branch>
<status status="PASS" starttime="20241114 08:12:29.249" endtime="20241114 08:12:29.258"/>
</if>
<if>
<branch type="IF" condition="$HEADLESS == 'true'">
<kw name="Set Selenium Speed" library="SeleniumLibrary">
<arg>0</arg>
<doc>Sets the delay that is waited after each Selenium command.</doc>
<status status="NOT RUN" starttime="20241114 08:12:29.258" endtime="20241114 08:12:29.259"/>
</kw>
<kw name="Call Method" library="BuiltIn">
<arg>${options}</arg>
<arg>add_argument</arg>
<arg>--headless</arg>
<doc>Calls the named method of the given object with the provided arguments.</doc>
<status status="NOT RUN" starttime="20241114 08:12:29.259" endtime="20241114 08:12:29.259"/>
</kw>
<status status="NOT RUN" starttime="20241114 08:12:29.258" endtime="20241114 08:12:29.259"/>
</branch>
<branch type="ELSE">
<kw name="Set Selenium Speed" library="SeleniumLibrary">
<arg>${DELAY}</arg>
<doc>Sets the delay that is waited after each Selenium command.</doc>
<status status="PASS" starttime="20241114 08:12:29.259" endtime="20241114 08:12:29.259"/>
</kw>
<status status="PASS" starttime="20241114 08:12:29.259" endtime="20241114 08:12:29.259"/>
</branch>
<status status="PASS" starttime="20241114 08:12:29.258" endtime="20241114 08:12:29.259"/>
</if>
<kw name="Open Browser" library="SeleniumLibrary">
<arg>browser=${BROWSER}</arg>
<arg>options=${options}</arg>
<doc>Opens a new browser instance to the optional ``url``.</doc>
<msg timestamp="20241114 08:12:29.259" level="INFO">Opening browser 'chrome' to base url 'None'.</msg>
<status status="PASS" starttime="20241114 08:12:29.259" endtime="20241114 08:12:29.823"/>
</kw>
<status status="PASS" starttime="20241114 08:12:29.249" endtime="20241114 08:12:29.823"/>
</kw>
<test id="s1-s1-t1" name="Click Login Link" line="8">
<kw name="Reset Application And Go To Starting Page" type="SETUP">
<kw name="Reset Application" library="AppLibrary">
<status status="PASS" starttime="20241114 08:12:29.824" endtime="20241114 08:12:29.827"/>
</kw>
<kw name="Go To Starting Page">
<kw name="Go To Home Page" library="resource">
<kw name="Go To" library="SeleniumLibrary">
<arg>${HOME_URL}</arg>
<doc>Navigates the current browser window to the provided ``url``.</doc>
<msg timestamp="20241114 08:12:29.828" level="INFO">Opening url 'http://localhost:5001'</msg>
<status status="PASS" starttime="20241114 08:12:29.828" endtime="20241114 08:12:30.367"/>
</kw>
<status status="PASS" starttime="20241114 08:12:29.828" endtime="20241114 08:12:30.367"/>
</kw>
<kw name="Title Should Be" library="SeleniumLibrary">
<arg>Ohtu Application</arg>
<doc>Verifies that the current page title equals ``title``.</doc>
<msg timestamp="20241114 08:12:30.883" level="INFO">Page title is 'Ohtu Application'.</msg>
<status status="PASS" starttime="20241114 08:12:30.368" endtime="20241114 08:12:30.883"/>
</kw>
<status status="PASS" starttime="20241114 08:12:29.827" endtime="20241114 08:12:30.883"/>
</kw>
<status status="PASS" starttime="20241114 08:12:29.824" endtime="20241114 08:12:30.883"/>
</kw>
<kw name="Click Link" library="SeleniumLibrary">
<arg>Login</arg>
<doc>Clicks a link identified by ``locator``.</doc>
<msg timestamp="20241114 08:12:30.885" level="INFO">Clicking link 'Login'.</msg>
<status status="PASS" starttime="20241114 08:12:30.884" endtime="20241114 08:12:32.497"/>
</kw>
<kw name="Login Page Should Be Open">
<kw name="Title Should Be" library="SeleniumLibrary">
<arg>Login</arg>
<doc>Verifies that the current page title equals ``title``.</doc>
<msg timestamp="20241114 08:12:33.010" level="INFO">Page title is 'Login'.</msg>
<status status="PASS" starttime="20241114 08:12:32.499" endtime="20241114 08:12:33.010"/>
</kw>
<status status="PASS" starttime="20241114 08:12:32.498" endtime="20241114 08:12:33.010"/>
</kw>
<status status="PASS" starttime="20241114 08:12:29.823" endtime="20241114 08:12:33.011"/>
</test>
<test id="s1-s1-t2" name="Click Register Link" line="12">
<kw name="Reset Application And Go To Starting Page" type="SETUP">
<kw name="Reset Application" library="AppLibrary">
<status status="PASS" starttime="20241114 08:12:33.014" endtime="20241114 08:12:33.019"/>
</kw>
<kw name="Go To Starting Page">
<kw name="Go To Home Page" library="resource">
<kw name="Go To" library="SeleniumLibrary">
<arg>${HOME_URL}</arg>
<doc>Navigates the current browser window to the provided ``url``.</doc>
<msg timestamp="20241114 08:12:33.020" level="INFO">Opening url 'http://localhost:5001'</msg>
<status status="PASS" starttime="20241114 08:12:33.020" endtime="20241114 08:12:33.555"/>
</kw>
<status status="PASS" starttime="20241114 08:12:33.019" endtime="20241114 08:12:33.555"/>
</kw>
<kw name="Title Should Be" library="SeleniumLibrary">
<arg>Ohtu Application</arg>
<doc>Verifies that the current page title equals ``title``.</doc>
<msg timestamp="20241114 08:12:34.067" level="INFO">Page title is 'Ohtu Application'.</msg>
<status status="PASS" starttime="20241114 08:12:33.555" endtime="20241114 08:12:34.068"/>
</kw>
<status status="PASS" starttime="20241114 08:12:33.019" endtime="20241114 08:12:34.068"/>
</kw>
<status status="PASS" starttime="20241114 08:12:33.013" endtime="20241114 08:12:34.068"/>
</kw>
<kw name="Click Link" library="SeleniumLibrary">
<arg>Register new user</arg>
<doc>Clicks a link identified by ``locator``.</doc>
<msg timestamp="20241114 08:12:34.070" level="INFO">Clicking link 'Register new user'.</msg>
<status status="PASS" starttime="20241114 08:12:34.069" endtime="20241114 08:12:35.695"/>
</kw>
<kw name="Register Page Should Be Open">
<kw name="Title Should Be" library="SeleniumLibrary">
<arg>Register</arg>
<doc>Verifies that the current page title equals ``title``.</doc>
<msg timestamp="20241114 08:12:36.206" level="INFO">Page title is 'Register'.</msg>
<status status="PASS" starttime="20241114 08:12:35.696" endtime="20241114 08:12:36.207"/>
</kw>
<status status="PASS" starttime="20241114 08:12:35.695" endtime="20241114 08:12:36.207"/>
</kw>
<status status="PASS" starttime="20241114 08:12:33.012" endtime="20241114 08:12:36.207"/>
</test>
<kw name="Close Browser" library="SeleniumLibrary" type="TEARDOWN">
<doc>Closes the current browser.</doc>
<status status="PASS" starttime="20241114 08:12:36.209" endtime="20241114 08:12:36.771"/>
</kw>
<status status="PASS" starttime="20241114 08:12:29.130" endtime="20241114 08:12:36.771"/>
</suite>
<suite id="s1-s2" name="Login" source="/home/rasmusvi/palautusrepositorio_ohtu/viikko3/web-login/src/tests/login.robot">
<kw name="Open And Configure Browser" library="resource" type="SETUP">
<if>
<branch type="IF" condition="$BROWSER == 'chrome'">
<kw name="Evaluate" library="BuiltIn">
<var>${options}</var>
<arg>sys.modules['selenium.webdriver'].ChromeOptions()</arg>
<arg>sys</arg>
<doc>Evaluates the given expression in Python and returns the result.</doc>
<msg timestamp="20241114 08:12:36.778" level="INFO">${options} = &lt;selenium.webdriver.chrome.options.Options object at 0x75750c739c90&gt;</msg>
<status status="PASS" starttime="20241114 08:12:36.778" endtime="20241114 08:12:36.778"/>
</kw>
<status status="PASS" starttime="20241114 08:12:36.777" endtime="20241114 08:12:36.778"/>
</branch>
<branch type="ELSE IF" condition="$BROWSER == 'firefox'">
<kw name="Evaluate" library="BuiltIn">
<var>${options}</var>
<arg>sys.modules['selenium.webdriver'].FirefoxOptions()</arg>
<arg>sys</arg>
<doc>Evaluates the given expression in Python and returns the result.</doc>
<status status="NOT RUN" starttime="20241114 08:12:36.778" endtime="20241114 08:12:36.778"/>
</kw>
<status status="NOT RUN" starttime="20241114 08:12:36.778" endtime="20241114 08:12:36.778"/>
</branch>
<status status="PASS" starttime="20241114 08:12:36.777" endtime="20241114 08:12:36.778"/>
</if>
<if>
<branch type="IF" condition="$HEADLESS == 'true'">
<kw name="Set Selenium Speed" library="SeleniumLibrary">
<arg>0</arg>
<doc>Sets the delay that is waited after each Selenium command.</doc>
<status status="NOT RUN" starttime="20241114 08:12:36.779" endtime="20241114 08:12:36.779"/>
</kw>
<kw name="Call Method" library="BuiltIn">
<arg>${options}</arg>
<arg>add_argument</arg>
<arg>--headless</arg>
<doc>Calls the named method of the given object with the provided arguments.</doc>
<status status="NOT RUN" starttime="20241114 08:12:36.779" endtime="20241114 08:12:36.779"/>
</kw>
<status status="NOT RUN" starttime="20241114 08:12:36.778" endtime="20241114 08:12:36.779"/>
</branch>
<branch type="ELSE">
<kw name="Set Selenium Speed" library="SeleniumLibrary">
<arg>${DELAY}</arg>
<doc>Sets the delay that is waited after each Selenium command.</doc>
<status status="PASS" starttime="20241114 08:12:36.779" endtime="20241114 08:12:36.779"/>
</kw>
<status status="PASS" starttime="20241114 08:12:36.779" endtime="20241114 08:12:36.779"/>
</branch>
<status status="PASS" starttime="20241114 08:12:36.778" endtime="20241114 08:12:36.779"/>
</if>
<kw name="Open Browser" library="SeleniumLibrary">
<arg>browser=${BROWSER}</arg>
<arg>options=${options}</arg>
<doc>Opens a new browser instance to the optional ``url``.</doc>
<msg timestamp="20241114 08:12:36.779" level="INFO">Opening browser 'chrome' to base url 'None'.</msg>
<status status="PASS" starttime="20241114 08:12:36.779" endtime="20241114 08:12:37.148"/>
</kw>
<status status="PASS" starttime="20241114 08:12:36.777" endtime="20241114 08:12:37.148"/>
</kw>
<test id="s1-s2-t1" name="Login With Correct Credentials" line="8">
<kw name="Reset Application Create User And Go To Login Page" type="SETUP">
<kw name="Reset Application" library="AppLibrary">
<status status="PASS" starttime="20241114 08:12:37.149" endtime="20241114 08:12:37.151"/>
</kw>
<kw name="Create User" library="AppLibrary">
<arg>kalle</arg>
<arg>kalle123</arg>
<status status="PASS" starttime="20241114 08:12:37.151" endtime="20241114 08:12:37.159"/>
</kw>
<kw name="Go To Login Page" library="resource">
<kw name="Go To" library="SeleniumLibrary">
<arg>${LOGIN_URL}</arg>
<doc>Navigates the current browser window to the provided ``url``.</doc>
<msg timestamp="20241114 08:12:37.160" level="INFO">Opening url 'http://localhost:5001/login'</msg>
<status status="PASS" starttime="20241114 08:12:37.159" endtime="20241114 08:12:37.699"/>
</kw>
<status status="PASS" starttime="20241114 08:12:37.159" endtime="20241114 08:12:37.699"/>
</kw>
<status status="PASS" starttime="20241114 08:12:37.149" endtime="20241114 08:12:37.699"/>
</kw>
<kw name="Set Username">
<arg>kalle</arg>
<kw name="Input Text" library="SeleniumLibrary">
<arg>username</arg>
<arg>${username}</arg>
<doc>Types the given ``text`` into the text field identified by ``locator``.</doc>
<msg timestamp="20241114 08:12:37.701" level="INFO">Typing text 'kalle' into text field 'username'.</msg>
<status status="PASS" starttime="20241114 08:12:37.700" endtime="20241114 08:12:39.318"/>
</kw>
<status status="PASS" starttime="20241114 08:12:37.700" endtime="20241114 08:12:39.318"/>
</kw>
<kw name="Set Password">
<arg>kalle123</arg>
<kw name="Input Password" library="SeleniumLibrary">
<arg>password</arg>
<arg>${password}</arg>
<doc>Types the given password into the text field identified by ``locator``.</doc>
<msg timestamp="20241114 08:12:39.321" level="INFO">Typing password into text field 'password'.</msg>
<msg timestamp="20241114 08:12:40.375" level="INFO">Temporally setting log level to: NONE</msg>
<msg timestamp="20241114 08:12:40.928" level="INFO">Log level changed from NONE to INFO.</msg>
<status status="PASS" starttime="20241114 08:12:39.320" endtime="20241114 08:12:40.929"/>
</kw>
<status status="PASS" starttime="20241114 08:12:39.319" endtime="20241114 08:12:40.929"/>
</kw>
<kw name="Submit Credentials">
<kw name="Click Button" library="SeleniumLibrary">
<arg>Login</arg>
<doc>Clicks the button identified by ``locator``.</doc>
<msg timestamp="20241114 08:12:40.932" level="INFO">Clicking button 'Login'.</msg>
<status status="PASS" starttime="20241114 08:12:40.931" endtime="20241114 08:12:43.067"/>
</kw>
<status status="PASS" starttime="20241114 08:12:40.930" endtime="20241114 08:12:43.067"/>
</kw>
<kw name="Login Should Succeed">
<kw name="Main Page Should Be Open" library="resource">
<kw name="Title Should Be" library="SeleniumLibrary">
<arg>Ohtu Application main page</arg>
<doc>Verifies that the current page title equals ``title``.</doc>
<msg timestamp="20241114 08:12:43.582" level="INFO">Page title is 'Ohtu Application main page'.</msg>
<status status="PASS" starttime="20241114 08:12:43.070" endtime="20241114 08:12:43.583"/>
</kw>
<status status="PASS" starttime="20241114 08:12:43.069" endtime="20241114 08:12:43.583"/>
</kw>
<status status="PASS" starttime="20241114 08:12:43.068" endtime="20241114 08:12:43.583"/>
</kw>
<status status="PASS" starttime="20241114 08:12:37.148" endtime="20241114 08:12:43.584"/>
</test>
<test id="s1-s2-t2" name="Login With Incorrect Password" line="14">
<kw name="Reset Application Create User And Go To Login Page" type="SETUP">
<kw name="Reset Application" library="AppLibrary">
<status status="PASS" starttime="20241114 08:12:43.587" endtime="20241114 08:12:43.591"/>
</kw>
<kw name="Create User" library="AppLibrary">
<arg>kalle</arg>
<arg>kalle123</arg>
<status status="PASS" starttime="20241114 08:12:43.591" endtime="20241114 08:12:43.600"/>
</kw>
<kw name="Go To Login Page" library="resource">
<kw name="Go To" library="SeleniumLibrary">
<arg>${LOGIN_URL}</arg>
<doc>Navigates the current browser window to the provided ``url``.</doc>
<msg timestamp="20241114 08:12:43.601" level="INFO">Opening url 'http://localhost:5001/login'</msg>
<status status="PASS" starttime="20241114 08:12:43.600" endtime="20241114 08:12:44.133"/>
</kw>
<status status="PASS" starttime="20241114 08:12:43.600" endtime="20241114 08:12:44.133"/>
</kw>
<status status="PASS" starttime="20241114 08:12:43.586" endtime="20241114 08:12:44.134"/>
</kw>
<kw name="Set Username">
<arg>kalle</arg>
<kw name="Input Text" library="SeleniumLibrary">
<arg>username</arg>
<arg>${username}</arg>
<doc>Types the given ``text`` into the text field identified by ``locator``.</doc>
<msg timestamp="20241114 08:12:44.137" level="INFO">Typing text 'kalle' into text field 'username'.</msg>
<status status="PASS" starttime="20241114 08:12:44.135" endtime="20241114 08:12:45.759"/>
</kw>
<status status="PASS" starttime="20241114 08:12:44.134" endtime="20241114 08:12:45.759"/>
</kw>
<kw name="Set Password">
<arg>kalle456</arg>
<kw name="Input Password" library="SeleniumLibrary">
<arg>password</arg>
<arg>${password}</arg>
<doc>Types the given password into the text field identified by ``locator``.</doc>
<msg timestamp="20241114 08:12:45.762" level="INFO">Typing password into text field 'password'.</msg>
<msg timestamp="20241114 08:12:46.798" level="INFO">Temporally setting log level to: NONE</msg>
<msg timestamp="20241114 08:12:47.366" level="INFO">Log level changed from NONE to INFO.</msg>
<status status="PASS" starttime="20241114 08:12:45.761" endtime="20241114 08:12:47.366"/>
</kw>
<status status="PASS" starttime="20241114 08:12:45.760" endtime="20241114 08:12:47.366"/>
</kw>
<kw name="Submit Credentials">
<kw name="Click Button" library="SeleniumLibrary">
<arg>Login</arg>
<doc>Clicks the button identified by ``locator``.</doc>
<msg timestamp="20241114 08:12:47.369" level="INFO">Clicking button 'Login'.</msg>
<status status="PASS" starttime="20241114 08:12:47.368" endtime="20241114 08:12:49.474"/>
</kw>
<status status="PASS" starttime="20241114 08:12:47.367" endtime="20241114 08:12:49.474"/>
</kw>
<kw name="Login Should Fail With Message">
<arg>Invalid username or password</arg>
<kw name="Login Page Should Be Open" library="resource">
<kw name="Title Should Be" library="SeleniumLibrary">
<arg>Login</arg>
<doc>Verifies that the current page title equals ``title``.</doc>
<msg timestamp="20241114 08:12:49.989" level="INFO">Page title is 'Login'.</msg>
<status status="PASS" starttime="20241114 08:12:49.478" endtime="20241114 08:12:49.989"/>
</kw>
<status status="PASS" starttime="20241114 08:12:49.477" endtime="20241114 08:12:49.990"/>
</kw>
<kw name="Page Should Contain" library="SeleniumLibrary">
<arg>${message}</arg>
<doc>Verifies that current page contains ``text``.</doc>
<msg timestamp="20241114 08:12:51.022" level="INFO">Current page contains text 'Invalid username or password'.</msg>
<status status="PASS" starttime="20241114 08:12:49.990" endtime="20241114 08:12:51.023"/>
</kw>
<status status="PASS" starttime="20241114 08:12:49.475" endtime="20241114 08:12:51.023"/>
</kw>
<status status="PASS" starttime="20241114 08:12:43.585" endtime="20241114 08:12:51.024"/>
</test>
<test id="s1-s2-t3" name="Login With Nonexistent Username" line="20">
<kw name="Reset Application Create User And Go To Login Page" type="SETUP">
<kw name="Reset Application" library="AppLibrary">
<status status="PASS" starttime="20241114 08:12:51.026" endtime="20241114 08:12:51.031"/>
</kw>
<kw name="Create User" library="AppLibrary">
<arg>kalle</arg>
<arg>kalle123</arg>
<status status="PASS" starttime="20241114 08:12:51.031" endtime="20241114 08:12:51.039"/>
</kw>
<kw name="Go To Login Page" library="resource">
<kw name="Go To" library="SeleniumLibrary">
<arg>${LOGIN_URL}</arg>
<doc>Navigates the current browser window to the provided ``url``.</doc>
<msg timestamp="20241114 08:12:51.041" level="INFO">Opening url 'http://localhost:5001/login'</msg>
<status status="PASS" starttime="20241114 08:12:51.040" endtime="20241114 08:12:51.567"/>
</kw>
<status status="PASS" starttime="20241114 08:12:51.040" endtime="20241114 08:12:51.568"/>
</kw>
<status status="PASS" starttime="20241114 08:12:51.026" endtime="20241114 08:12:51.568"/>
</kw>
<kw name="Set Username">
<arg>ville</arg>
<kw name="Input Text" library="SeleniumLibrary">
<arg>username</arg>
<arg>${username}</arg>
<doc>Types the given ``text`` into the text field identified by ``locator``.</doc>
<msg timestamp="20241114 08:12:51.570" level="INFO">Typing text 'ville' into text field 'username'.</msg>
<status status="PASS" starttime="20241114 08:12:51.569" endtime="20241114 08:12:53.193"/>
</kw>
<status status="PASS" starttime="20241114 08:12:51.568" endtime="20241114 08:12:53.193"/>
</kw>
<kw name="Set Password">
<arg>kalle123</arg>
<kw name="Input Password" library="SeleniumLibrary">
<arg>password</arg>
<arg>${password}</arg>
<doc>Types the given password into the text field identified by ``locator``.</doc>
<msg timestamp="20241114 08:12:53.197" level="INFO">Typing password into text field 'password'.</msg>
<msg timestamp="20241114 08:12:54.247" level="INFO">Temporally setting log level to: NONE</msg>
<msg timestamp="20241114 08:12:54.811" level="INFO">Log level changed from NONE to INFO.</msg>
<status status="PASS" starttime="20241114 08:12:53.196" endtime="20241114 08:12:54.811"/>
</kw>
<status status="PASS" starttime="20241114 08:12:53.194" endtime="20241114 08:12:54.811"/>
</kw>
<kw name="Submit Credentials">
<kw name="Click Button" library="SeleniumLibrary">
<arg>Login</arg>
<doc>Clicks the button identified by ``locator``.</doc>
<msg timestamp="20241114 08:12:54.813" level="INFO">Clicking button 'Login'.</msg>
<status status="PASS" starttime="20241114 08:12:54.812" endtime="20241114 08:12:56.931"/>
</kw>
<status status="PASS" starttime="20241114 08:12:54.812" endtime="20241114 08:12:56.932"/>
</kw>
<kw name="Login Should Fail With Message">
<arg>Invalid username or password</arg>
<kw name="Login Page Should Be Open" library="resource">
<kw name="Title Should Be" library="SeleniumLibrary">
<arg>Login</arg>
<doc>Verifies that the current page title equals ``title``.</doc>
<msg timestamp="20241114 08:12:57.446" level="INFO">Page title is 'Login'.</msg>
<status status="PASS" starttime="20241114 08:12:56.934" endtime="20241114 08:12:57.447"/>
</kw>
<status status="PASS" starttime="20241114 08:12:56.933" endtime="20241114 08:12:57.447"/>
</kw>
<kw name="Page Should Contain" library="SeleniumLibrary">
<arg>${message}</arg>
<doc>Verifies that current page contains ``text``.</doc>
<msg timestamp="20241114 08:12:58.474" level="INFO">Current page contains text 'Invalid username or password'.</msg>
<status status="PASS" starttime="20241114 08:12:57.448" endtime="20241114 08:12:58.475"/>
</kw>
<status status="PASS" starttime="20241114 08:12:56.932" endtime="20241114 08:12:58.475"/>
</kw>
<status status="PASS" starttime="20241114 08:12:51.025" endtime="20241114 08:12:58.475"/>
</test>
<kw name="Close Browser" library="SeleniumLibrary" type="TEARDOWN">
<doc>Closes the current browser.</doc>
<status status="PASS" starttime="20241114 08:12:58.476" endtime="20241114 08:12:59.036"/>
</kw>
<status status="PASS" starttime="20241114 08:12:36.773" endtime="20241114 08:12:59.036"/>
</suite>
<status status="PASS" starttime="20241114 08:12:29.121" endtime="20241114 08:12:59.038"/>
</suite>
<statistics>
<total>
<stat pass="5" fail="0" skip="0">All Tests</stat>
</total>
<tag>
</tag>
<suite>
<stat pass="5" fail="0" skip="0" id="s1" name="Tests">Tests</stat>
<stat pass="2" fail="0" skip="0" id="s1-s1" name="Home">Tests.Home</stat>
<stat pass="3" fail="0" skip="0" id="s1-s2" name="Login">Tests.Login</stat>
</suite>
</statistics>
<errors>
</errors>
</robot>
